2019-12-21 17:17:33.123  INFO 13828 --- [restartedMain] life.lxd.community.CommunityApplication  : Starting CommunityApplication on PC-201608021440 with PID 13828 (started by Administrator in G:\Spring Boot\论坛项目\lxd\Code)
2019-12-21 17:17:33.124  INFO 13828 --- [restartedMain] life.lxd.community.CommunityApplication  : No active profile set, falling back to default profiles: default
2019-12-21 17:17:33.875  WARN 13828 --- [restartedMain] org.apache.tomcat.util.modeler.Registry  : The MBean registry cannot be disabled because it has already been initialised
2019-12-21 17:17:34.051  INFO 13828 --- [restartedMain] o.s.b.w.embedded.tomcat.TomcatWebServer  : Tomcat initialized with port(s): 8887 (http)
2019-12-21 17:17:34.053  INFO 13828 --- [restartedMain] o.apache.catalina.core.StandardService   : Starting service [Tomcat]
2019-12-21 17:17:34.054  INFO 13828 --- [restartedMain] org.apache.catalina.core.StandardEngine  : Starting Servlet engine: [Apache Tomcat/9.0.27]
2019-12-21 17:17:34.184  INFO 13828 --- [restartedMain] o.a.c.c.C.[Tomcat].[localhost].[/]       : Initializing Spring embedded WebApplicationContext
2019-12-21 17:17:34.185  INFO 13828 --- [restartedMain] o.s.web.context.ContextLoader            : Root WebApplicationContext: initialization completed in 1049 ms
2019-12-21 17:17:34.241  INFO 13828 --- [restartedMain] com.zaxxer.hikari.HikariDataSource       : HikariPool-2 - Starting...
2019-12-21 17:17:34.260  INFO 13828 --- [restartedMain] com.zaxxer.hikari.HikariDataSource       : HikariPool-2 - Start completed.
2019-12-21 17:17:34.260  INFO 13828 --- [restartedMain] o.s.b.a.h2.H2ConsoleAutoConfiguration    : H2 console available at '/h2-console'. Database available at 'jdbc:mysql://localhost:3306/user?serverTimezone=GMT%2B8&useUnicode=true&characterEncoding=utf-8&useSSL=false'
2019-12-21 17:17:34.735  INFO 13828 --- [restartedMain] o.s.s.concurrent.ThreadPoolTaskExecutor  : Initializing ExecutorService 'applicationTaskExecutor'
2019-12-21 17:17:34.783  INFO 13828 --- [restartedMain] o.s.b.a.w.s.WelcomePageHandlerMapping    : Adding welcome page template: index
2019-12-21 17:17:35.309  INFO 13828 --- [restartedMain] o.s.b.d.a.OptionalLiveReloadServer       : LiveReload server is running on port 35729
2019-12-21 17:17:35.369  INFO 13828 --- [restartedMain] o.s.b.w.embedded.tomcat.TomcatWebServer  : Tomcat started on port(s): 8887 (http) with context path ''
2019-12-21 17:17:35.378  INFO 13828 --- [restartedMain] life.lxd.community.CommunityApplication  : Started CommunityApplication in 2.347 seconds (JVM running for 81.58)
2019-12-21 17:17:35.382  INFO 13828 --- [restartedMain] .ConditionEvaluationDeltaLoggingListener : Condition evaluation unchanged
2019-12-21 17:18:14.328  INFO 13828 --- [http-nio-8887-exec-1] o.a.c.c.C.[Tomcat].[localhost].[/]       : Initializing Spring DispatcherServlet 'dispatcherServlet'
2019-12-21 17:18:14.329  INFO 13828 --- [http-nio-8887-exec-1] o.s.web.servlet.DispatcherServlet        : Initializing Servlet 'dispatcherServlet'
2019-12-21 17:18:14.346  INFO 13828 --- [http-nio-8887-exec-1] o.s.web.servlet.DispatcherServlet        : Completed initialization in 16 ms
