2019-12-21 17:21:43.057  INFO 10480 --- [restartedMain] life.lxd.community.CommunityApplication  : Starting CommunityApplication on PC-201608021440 with PID 10480 (started by Administrator in G:\Spring Boot\论坛项目\lxd\Code)
2019-12-21 17:21:43.062  INFO 10480 --- [restartedMain] life.lxd.community.CommunityApplication  : No active profile set, falling back to default profiles: default
2019-12-21 17:21:43.237  INFO 10480 --- [restartedMain] .e.DevToolsPropertyDefaultsPostProcessor : Devtools property defaults active! Set 'spring.devtools.add-properties' to 'false' to disable
2019-12-21 17:21:43.237  INFO 10480 --- [restartedMain] .e.DevToolsPropertyDefaultsPostProcessor : For additional web related logging consider setting the 'logging.level.web' property to 'DEBUG'
2019-12-21 17:21:46.224  INFO 10480 --- [restartedMain] o.s.b.w.embedded.tomcat.TomcatWebServer  : Tomcat initialized with port(s): 8887 (http)
2019-12-21 17:21:46.242  INFO 10480 --- [restartedMain] o.apache.catalina.core.StandardService   : Starting service [Tomcat]
2019-12-21 17:21:46.243  INFO 10480 --- [restartedMain] org.apache.catalina.core.StandardEngine  : Starting Servlet engine: [Apache Tomcat/9.0.27]
2019-12-21 17:21:46.611  INFO 10480 --- [restartedMain] o.a.c.c.C.[Tomcat].[localhost].[/]       : Initializing Spring embedded WebApplicationContext
2019-12-21 17:21:46.612  INFO 10480 --- [restartedMain] o.s.web.context.ContextLoader            : Root WebApplicationContext: initialization completed in 3374 ms
2019-12-21 17:21:46.734  INFO 10480 --- [restartedMain] com.zaxxer.hikari.HikariDataSource       : HikariPool-1 - Starting...
2019-12-21 17:21:47.570  INFO 10480 --- [restartedMain] com.zaxxer.hikari.HikariDataSource       : HikariPool-1 - Start completed.
2019-12-21 17:21:47.580  INFO 10480 --- [restartedMain] o.s.b.a.h2.H2ConsoleAutoConfiguration    : H2 console available at '/h2-console'. Database available at 'jdbc:mysql://localhost:3306/user?serverTimezone=GMT%2B8&useUnicode=true&characterEncoding=utf-8&useSSL=false'
2019-12-21 17:21:50.253  INFO 10480 --- [restartedMain] o.s.s.concurrent.ThreadPoolTaskExecutor  : Initializing ExecutorService 'applicationTaskExecutor'
2019-12-21 17:21:50.441  INFO 10480 --- [restartedMain] o.s.b.a.w.s.WelcomePageHandlerMapping    : Adding welcome page template: index
2019-12-21 17:21:51.131  INFO 10480 --- [restartedMain] o.s.b.d.a.OptionalLiveReloadServer       : LiveReload server is running on port 35729
2019-12-21 17:21:51.257  INFO 10480 --- [restartedMain] o.s.b.w.embedded.tomcat.TomcatWebServer  : Tomcat started on port(s): 8887 (http) with context path ''
2019-12-21 17:21:51.264  INFO 10480 --- [restartedMain] life.lxd.community.CommunityApplication  : Started CommunityApplication in 10.297 seconds (JVM running for 13.217)
2019-12-21 17:22:05.460  INFO 10480 --- [http-nio-8887-exec-1] o.a.c.c.C.[Tomcat].[localhost].[/]       : Initializing Spring DispatcherServlet 'dispatcherServlet'
2019-12-21 17:22:05.461  INFO 10480 --- [http-nio-8887-exec-1] o.s.web.servlet.DispatcherServlet        : Initializing Servlet 'dispatcherServlet'
2019-12-21 17:22:05.474  INFO 10480 --- [http-nio-8887-exec-1] o.s.web.servlet.DispatcherServlet        : Completed initialization in 12 ms
